f:\programming\c++\gameengine\gameengine\x64\debug\vc142.pdb
f:\programming\c++\gameengine\gameengine\x64\debug\vc142.idb
f:\programming\c++\gameengine\gameengine\x64\debug\main.obj
f:\programming\c++\gameengine\gameengine\x64\debug\window.obj
f:\programming\c++\gameengine\gameengine\x64\debug\game.obj
f:\programming\c++\gameengine\gameengine\x64\debug\shader.obj
f:\programming\c++\gameengine\gameengine\x64\debug\application.obj
f:\programming\c++\gameengine\gameengine\x64\debug\mesh.obj
f:\programming\c++\gameengine\gameengine\x64\debug\camera.obj
f:\programming\c++\gameengine\gameengine\x64\debug\model.obj
f:\programming\c++\gameengine\gameengine\x64\debug\renderer.obj
f:\programming\c++\gameengine\gameengine\x64\debug\layer.obj
f:\programming\c++\gameengine\gameengine\x64\debug\imgui_widgets.obj
f:\programming\c++\gameengine\gameengine\x64\debug\imgui_draw.obj
f:\programming\c++\gameengine\gameengine\x64\debug\imgui_demo.obj
f:\programming\c++\gameengine\gameengine\x64\debug\imgui.obj
f:\programming\c++\gameengine\gameengine\x64\debug\imguilayer.obj
f:\programming\c++\gameengine\gameengine\x64\debug\imguibuild.obj
f:\programming\c++\gameengine\gameengine\x64\debug\scriptengine.obj
f:\programming\c++\gameengine\gameengine\x64\debug\gameobject.obj
f:\programming\c++\gameengine\gameengine\x64\debug\log.obj
f:\programming\c++\gameengine\gameengine\x64\debug\pch.obj
f:\programming\c++\gameengine\gameengine\x64\debug\texture.obj
f:\programming\c++\gameengine\x64\debug\gameengine.exe
f:\programming\c++\gameengine\x64\debug\gameengine.pdb
f:\programming\c++\gameengine\gameengine\x64\debug\gameengine.tlog\cl.command.1.tlog
f:\programming\c++\gameengine\gameengine\x64\debug\gameengine.tlog\cl.read.1.tlog
f:\programming\c++\gameengine\gameengine\x64\debug\gameengine.tlog\cl.write.1.tlog
f:\programming\c++\gameengine\gameengine\x64\debug\gameengine.tlog\link.command.1.tlog
f:\programming\c++\gameengine\gameengine\x64\debug\gameengine.tlog\link.read.1.tlog
f:\programming\c++\gameengine\gameengine\x64\debug\gameengine.tlog\link.write.1.tlog
