  Main.cpp
F:\programming\C++\GameEngine\GameEngine\GameEngine\src\Game\Main.cpp(3,1): warning C4005: 'GLEW_STATIC': macro redefinition
F:\programming\C++\GameEngine\GameEngine\GameEngine\src\Game\Main.cpp : message : see previous definition of 'GLEW_STATIC'
F:\programming\C++\GameEngine\GameEngine\GameEngine\src\Game\Main.cpp(18,19): warning C4244: 'initializing': conversion from 'int' to 'float', possible loss of data
F:\programming\C++\GameEngine\GameEngine\GameEngine\src\Game\Main.cpp(19,20): warning C4244: 'initializing': conversion from 'int' to 'float', possible loss of data
F:\programming\C++\GameEngine\GameEngine\GameEngine\src\Game\Main.cpp(20,19): warning C4244: 'initializing': conversion from 'int' to 'float', possible loss of data
F:\programming\C++\GameEngine\GameEngine\GameEngine\src\Game\Main.cpp(21,19): warning C4244: 'initializing': conversion from 'int' to 'float', possible loss of data
F:\programming\C++\GameEngine\GameEngine\GameEngine\src\Game\Main.cpp(31,20): warning C4244: 'initializing': conversion from 'int' to 'float', possible loss of data
F:\programming\C++\GameEngine\GameEngine\GameEngine\src\Game\Main.cpp(32,21): warning C4244: 'initializing': conversion from 'int' to 'float', possible loss of data
F:\programming\C++\GameEngine\GameEngine\GameEngine\src\Game\Main.cpp(33,20): warning C4244: 'initializing': conversion from 'int' to 'float', possible loss of data
F:\programming\C++\GameEngine\GameEngine\GameEngine\src\Game\Main.cpp(34,20): warning C4244: 'initializing': conversion from 'int' to 'float', possible loss of data
F:\programming\C++\GameEngine\GameEngine\GameEngine\src\Game\Main.cpp(159,21): warning C4244: '=': conversion from 'double' to 'T', possible loss of data
          with
          [
              T=float
          ]
F:\programming\C++\GameEngine\GameEngine\GameEngine\src\Game\Main.cpp(160,21): warning C4244: '=': conversion from 'double' to 'T', possible loss of data
          with
          [
              T=float
          ]
  GameEngine.vcxproj -> F:\programming\C++\GameEngine\GameEngine\x64\Debug\GameEngine.exe
